<?xml version="1.0" encoding="UTF-8"?>
<!-- Generated by org.testng.reporters.JUnitReportReporter -->
<testsuite hostname="CESIT-LAP-0135" failures="0" tests="1" name="testCase.demo2" time="21.601" errors="0" timestamp="2022-06-10T14:19:43 IST" skipped="0">
  <testcase classname="testCase.demo2" name="saucedemo3" time="21.601"/>
  <system-out/>
</testsuite> <!-- testCase.demo2 -->
