<?xml version="1.0" encoding="UTF-8"?>
<!-- Generated by org.testng.reporters.JUnitReportReporter -->
<testsuite hostname="CESIT-LAP-0409" failures="0" tests="3" name="testCase.demo1" time="43.583" errors="0" timestamp="2022-12-26T13:38:43 IST" skipped="0">
  <testcase classname="testCase.demo1" name="saucedemo1" time="25.570"/>
  <system-out/>
  <testcase classname="testCase.demo1" name="getUser" time="2.492"/>
  <system-out>
    <![CDATA[200
{
    "data": {
        "id": 2,
        "email": "janet.weaver@reqres.in",
        "first_name": "Janet",
        "last_name": "Weaver",
        "avatar": "https://reqres.in/img/faces/2-image.jpg"
    },
    "support": {
        "url": "https://reqres.in/#support-heading",
        "text": "To keep ReqRes free, contributions towards server costs are appreciated!"
    }
}]]>
  </system-out>
  <testcase classname="testCase.demo1" name="saucedemo2" time="15.521"/>
  <system-out/>
</testsuite> <!-- testCase.demo1 -->
