<?xml version="1.0" encoding="UTF-8"?>
<!-- Generated by org.testng.reporters.JUnitReportReporter -->
<testsuite hostname="CESIT-LAP-0420" failures="0" tests="1" name="testCase.demo1" time="35.865" errors="0" timestamp="2023-07-10T02:36:24 IST" skipped="0">
  <testcase classname="testCase.demo1" name="saucedemo1" time="35.865"/>
  <system-out/>
</testsuite> <!-- testCase.demo1 -->
