<?xml version="1.0" encoding="UTF-8"?>
<!-- Generated by org.testng.reporters.JUnitReportReporter -->
<testsuite hostname="CESIT-LAP-0135" failures="0" tests="1" name="testCase.demo3" time="5.182" errors="0" timestamp="2022-04-15T23:15:50 IST" skipped="0">
  <testcase classname="testCase.demo3" name="demo32TC" time="5.182"/>
  <system-out/>
</testsuite> <!-- testCase.demo3 -->
